<?xml version="1.0" encoding="UTF-8"?>
<testng-results skipped="0" failed="0" total="1" passed="1">
  <reporter-output>
    <line>
      <![CDATA[<div "result">Navego ate a pagina de indrucao (PASSED : 0s)</div>]]>
    </line>
    <line>
      <![CDATA[<div "result">que estou na tela inicial do aplicativo (PASSED : 5s)</div>]]>
    </line>
    <line>
      <![CDATA[<br><img src='target/surefire-reports/screenshot/07-04-2020__08_25_31PM.png' height='400' width='400'/><br>]]>
    </line>
    <line>
      <![CDATA[<br><img src='target/surefire-reports/screenshot/07-04-2020__08_25_33PM.png' height='400' width='400'/><br>]]>
    </line>
    <line>
      <![CDATA[<div "result">realizo a validacao das tela de walkthrough (PASSED : 3s)</div>]]>
    </line>
    <line>
      <![CDATA[<div "result">clico em quero conhecer (PASSED : 0s)</div>]]>
    </line>
  </reporter-output>
  <suite name="Surefire suite" duration-ms="11234" started-at="2020-04-07T23:25:22Z" finished-at="2020-04-07T23:25:33Z">
    <groups>
      <group name="cucumber">
        <method signature="AbstractTestNGCucumberTests.runScenario(cucumber.api.testng.PickleEventWrapper, cucumber.api.testng.CucumberFeatureWrapper)[pri:0, instance:Tests.WalkthroughTest@4dfa3a9d]" name="runScenario" class="cucumber.api.testng.AbstractTestNGCucumberTests"/>
      </group> <!-- cucumber -->
    </groups>
    <test name="Surefire test" duration-ms="11234" started-at="2020-04-07T23:25:22Z" finished-at="2020-04-07T23:25:33Z">
      <class name="Tests.WalkthroughTest">
        <test-method status="PASS" signature="setUpAppium()[pri:0, instance:Tests.WalkthroughTest@4dfa3a9d]" name="setUpAppium" is-config="true" duration-ms="22886" started-at="2020-04-07T20:24:59Z" finished-at="2020-04-07T20:25:22Z">
          <reporter-output>
          </reporter-output>
        </test-method> <!-- setUpAppium -->
        <test-method status="PASS" signature="setUpClass()[pri:0, instance:Tests.WalkthroughTest@4dfa3a9d]" name="setUpClass" is-config="true" duration-ms="105" started-at="2020-04-07T20:25:22Z" finished-at="2020-04-07T20:25:22Z">
          <reporter-output>
          </reporter-output>
        </test-method> <!-- setUpClass -->
        <test-method status="PASS" signature="abrirApp()[pri:0, instance:Tests.WalkthroughTest@4dfa3a9d]" name="abrirApp" is-config="true" duration-ms="1939" started-at="2020-04-07T20:25:22Z" finished-at="2020-04-07T20:25:24Z">
          <reporter-output>
          </reporter-output>
        </test-method> <!-- abrirApp -->
        <test-method status="PASS" signature="runScenario(cucumber.api.testng.PickleEventWrapper, cucumber.api.testng.CucumberFeatureWrapper)[pri:0, instance:Tests.WalkthroughTest@4dfa3a9d]" name="runScenario" duration-ms="9088" started-at="2020-04-07T20:25:24Z" description="Runs Cucumber Scenarios" data-provider="scenarios" finished-at="2020-04-07T20:25:33Z">
          <params>
            <param index="0">
              <value>
                <![CDATA["Realizar validação dos textos da tela de indrucao"]]>
              </value>
            </param>
            <param index="1">
              <value>
                <![CDATA["Validacao textos da tela de introdução"]]>
              </value>
            </param>
          </params>
          <reporter-output>
            <line>
              <![CDATA[<div "result">Navego ate a pagina de indrucao (PASSED : 0s)</div>]]>
            </line>
            <line>
              <![CDATA[<div "result">que estou na tela inicial do aplicativo (PASSED : 5s)</div>]]>
            </line>
            <line>
              <![CDATA[<br><img src='target/surefire-reports/screenshot/07-04-2020__08_25_31PM.png' height='400' width='400'/><br>]]>
            </line>
            <line>
              <![CDATA[<br><img src='target/surefire-reports/screenshot/07-04-2020__08_25_33PM.png' height='400' width='400'/><br>]]>
            </line>
            <line>
              <![CDATA[<div "result">realizo a validacao das tela de walkthrough (PASSED : 3s)</div>]]>
            </line>
            <line>
              <![CDATA[<div "result">clico em quero conhecer (PASSED : 0s)</div>]]>
            </line>
          </reporter-output>
        </test-method> <!-- runScenario -->
        <test-method status="PASS" signature="tearDownClass()[pri:0, instance:Tests.WalkthroughTest@4dfa3a9d]" name="tearDownClass" is-config="true" duration-ms="16" started-at="2020-04-07T20:25:33Z" finished-at="2020-04-07T20:25:33Z">
          <reporter-output>
          </reporter-output>
        </test-method> <!-- tearDownClass -->
        <test-method status="PASS" signature="tearDownAppium()[pri:0, instance:Tests.WalkthroughTest@4dfa3a9d]" name="tearDownAppium" is-config="true" duration-ms="657" started-at="2020-04-07T20:25:33Z" finished-at="2020-04-07T20:25:34Z">
          <reporter-output>
          </reporter-output>
        </test-method> <!-- tearDownAppium -->
      </class> <!-- Tests.WalkthroughTest -->
    </test> <!-- Surefire test -->
  </suite> <!-- Surefire suite -->
</testng-results>
